Determining if the pthread_create exist failed with the following output:
Change Dir: /home/charlize/catkin_ws/src/turtlebot3_warehouse/build/CMakeFiles/CMakeTmp

Run Build Command:"/usr/bin/ninja" "cmTC_067d6"
[1/2] Building C object CMakeFiles/cmTC_067d6.dir/CheckSymbolExists.c.o
[2/2] Linking C executable cmTC_067d6
FAILED: cmTC_067d6 
: && /usr/bin/cc   -rdynamic CMakeFiles/cmTC_067d6.dir/CheckSymbolExists.c.o  -o cmTC_067d6   && :
CMakeFiles/cmTC_067d6.dir/CheckSymbolExists.c.o: In function `main':
CheckSymbolExists.c:(.text+0x1b): undefined reference to `pthread_create'
collect2: error: ld returned 1 exit status
ninja: build stopped: subcommand failed.

File /home/charlize/catkin_ws/src/turtlebot3_warehouse/build/CMakeFiles/CMakeTmp/CheckSymbolExists.c:
/* */
#include <pthread.h>

int main(int argc, char** argv)
{
  (void)argv;
#ifndef pthread_create
  return ((int*)(&pthread_create))[argc];
#else
  (void)argc;
  return 0;
#endif
}

Determining if the function pthread_create exists in the pthreads failed with the following output:
Change Dir: /home/charlize/catkin_ws/src/turtlebot3_warehouse/build/CMakeFiles/CMakeTmp

Run Build Command:"/usr/bin/ninja" "cmTC_66499"
[1/2] Building C object CMakeFiles/cmTC_66499.dir/CheckFunctionExists.c.o
[2/2] Linking C executable cmTC_66499
FAILED: cmTC_66499 
: && /usr/bin/cc -DCHECK_FUNCTION_EXISTS=pthread_create  -rdynamic CMakeFiles/cmTC_66499.dir/CheckFunctionExists.c.o  -o cmTC_66499  -lpthreads && :
/usr/bin/ld: cannot find -lpthreads
collect2: error: ld returned 1 exit status
ninja: build stopped: subcommand failed.


